server is running on port 8012
有客户端接入，时间： 00:52:28
有客户端接入，时间： 00:58:12
有客户端登录，时间： 00:58:15
有客户端进入房间，桌号：1，座位：0，时间： 00:59:07
有客户端退出房间，桌号：1，座位：0，时间： 00:59:09
有客户端断开了连接 00:59:09
有客户端接入，时间： 01:01:05
有客户端登录，时间： 01:01:09
有客户端进入房间，桌号：2，座位：0，时间： 01:01:13
有客户端退出房间，桌号：2，座位：0，时间： 01:01:17
有客户端断开了连接 01:01:17
有客户端接入，时间： 01:01:55
有客户端登录，时间： 01:01:59
有客户端进入房间，桌号：3，座位：0，时间： 01:02:01
有客户端退出房间，桌号：3，座位：0，时间： 01:02:05
有客户端断开了连接 01:02:05
有客户端接入，时间： 01:03:10
有客户端登录，时间： 01:03:14
有客户端断开了连接 01:03:17
有客户端接入，时间： 01:04:12
有客户端登录，时间： 01:04:13
有客户端断开了连接 01:04:16
有客户端接入，时间： 01:05:44
有客户端登录，时间： 01:05:44
有客户端进入房间，桌号：4，座位：0，时间： 01:05:48
有客户端退出房间，桌号：4，座位：0，时间： 01:05:54
有客户端断开了连接 01:05:54
有客户端接入，时间： 01:06:24
有客户端接入，时间： 04:34:45
有客户端接入，时间： 05:34:43
有客户端接入，时间： 05:34:45
有客户端接入，时间： 05:35:49
有客户端接入，时间： 06:35:49
有客户端接入，时间： 06:36:53
有客户端接入，时间： 08:34:51
有客户端接入，时间： 09:51:51
有客户端接入，时间： 10:20:05
有客户端接入，时间： 10:20:06
有客户端登录，时间： 10:20:08
有客户端进入房间，桌号：5，座位：0，时间： 10:20:09
有客户端退出房间，桌号：5，座位：0，时间： 10:20:25
有客户端进入房间，桌号：6，座位：0，时间： 10:20:27
有客户端退出房间，桌号：6，座位：0，时间： 10:22:18
有客户端进入房间，桌号：7，座位：0，时间： 10:22:20
有客户端退出房间，桌号：7，座位：0，时间： 10:22:41
有客户端接入，时间： 10:25:17
有客户端登录，时间： 10:25:17
有客户端进入房间，桌号：8，座位：0，时间： 10:25:18
有客户端退出房间，桌号：8，座位：0，时间： 10:25:23
有客户端断开了连接 10:25:23
有客户端接入，时间： 10:27:30
有客户端登录，时间： 10:27:31
有客户端进入房间，桌号：9，座位：0，时间： 10:27:33
有客户端退出房间，桌号：9，座位：0，时间： 10:27:37
有客户端断开了连接 10:27:37
有客户端接入，时间： 10:29:27
有客户端登录，时间： 10:29:28
有客户端进入房间，桌号：10，座位：0，时间： 10:29:28
有客户端退出房间，桌号：10，座位：0，时间： 10:29:32
有客户端断开了连接 10:29:32
有客户端断开了连接 10:38:34
有客户端接入，时间： 10:38:34
有客户端登录，时间： 10:38:37
有客户端进入房间，桌号：11，座位：0，时间： 10:38:39
有客户端退出房间，桌号：11，座位：0，时间： 10:38:58
有客户端断开了连接 10:38:58
